build/app/intermediates/manifest_merge_blame_file/release/manifest-merger-blame-release-report.txt
1<?xml version="1.0" encoding="utf-8"?>
2<manifest xmlns:android="http://schemas.android.com/apk/res/android"
3    package="com.gpsaseguro.gpscliente"
4    android:versionCode="3"
5    android:versionName="1.0.2" >
6
7    <uses-sdk
8        android:minSdkVersion="16"
8-->src\main\AndroidManifest.xml
9        android:targetSdkVersion="28" />
9-->src\main\AndroidManifest.xml
10    <!--
11         io.flutter.app.FlutterApplication is an android.app.Application that
12         calls FlutterMain.startInitialization(this); in its onCreate method.
13         In most cases you can leave this as-is, but you if you want to provide
14         additional functionality it is fine to subclass or reimplement
15         FlutterApplication and put your custom class here.
16    -->
17    <uses-permission android:name="android.permission.INTERNET" />
17-->src\main\AndroidManifest.xml:8:10-71
17-->src\main\AndroidManifest.xml:8:27-69
18    <uses-permission android:name="android.permission.ACCESS_FINE_LOCATION" />
18-->src\main\AndroidManifest.xml:9:10-84
18-->src\main\AndroidManifest.xml:9:27-81
19    <uses-permission android:name="android.permission.WAKE_LOCK" />
19-->[:firebase_messaging] AndroidManifest.xml:8:5-68
19-->[:firebase_messaging] AndroidManifest.xml:8:22-65
20    <uses-permission android:name="android.permission.ACCESS_NETWORK_STATE" />
20-->[:firebase_messaging] AndroidManifest.xml:9:5-79
20-->[:firebase_messaging] AndroidManifest.xml:9:22-76
21    <uses-permission android:name="android.permission.RECEIVE_BOOT_COMPLETED" />
21-->[:flutter_local_notifications] AndroidManifest.xml:7:5-81
21-->[:flutter_local_notifications] AndroidManifest.xml:7:22-78
22    <uses-permission android:name="android.permission.VIBRATE" />
22-->[:flutter_local_notifications] AndroidManifest.xml:8:5-66
22-->[:flutter_local_notifications] AndroidManifest.xml:8:22-63
23    <uses-permission android:name="android.permission.USE_FULL_SCREEN_INTENT" />
23-->[:flutter_local_notifications] AndroidManifest.xml:9:5-81
23-->[:flutter_local_notifications] AndroidManifest.xml:9:22-78
24    <uses-permission android:name="com.google.android.finsky.permission.BIND_GET_INSTALL_REFERRER_SERVICE" /> <!-- Required by older versions of Google Play services to create IID tokens -->
24-->[com.google.android.gms:play-services-measurement:18.0.2] AndroidManifest.xml:26:5-110
24-->[com.google.android.gms:play-services-measurement:18.0.2] AndroidManifest.xml:26:22-107
25    <uses-permission android:name="com.google.android.c2dm.permission.RECEIVE" />
25-->[com.google.firebase:firebase-iid:21.0.1] AndroidManifest.xml:26:5-82
25-->[com.google.firebase:firebase-iid:21.0.1] AndroidManifest.xml:26:22-79
26
27    <uses-feature
27-->[com.google.android.gms:play-services-maps:17.0.0] AndroidManifest.xml:26:5-28:35
28        android:glEsVersion="0x00020000"
28-->[com.google.android.gms:play-services-maps:17.0.0] AndroidManifest.xml:27:9-41
29        android:required="true" />
29-->[com.google.android.gms:play-services-maps:17.0.0] AndroidManifest.xml:28:9-32
30
31    <application
31-->src\main\AndroidManifest.xml:11:5-51:19
32        android:name="io.flutter.app.FlutterApplication"
32-->src\main\AndroidManifest.xml:12:9-57
33        android:appComponentFactory="androidx.core.app.CoreComponentFactory"
33-->[androidx.core:core:1.3.0] AndroidManifest.xml:24:18-86
34        android:icon="@mipmap/launcher_icon"
34-->src\main\AndroidManifest.xml:14:9-45
35        android:label="Gps_Aseguro" >
35-->src\main\AndroidManifest.xml:13:9-36
36        <meta-data
36-->src\main\AndroidManifest.xml:15:9-16:73
37            android:name="com.google.android.geo.API_KEY"
37-->src\main\AndroidManifest.xml:15:20-65
38            android:value="AIzaSyA_YV6zGdrMGbIeXGgGt8AzEvjZQZtIVUE" />
38-->src\main\AndroidManifest.xml:16:16-71
39
40        <activity
40-->src\main\AndroidManifest.xml:17:9-45:20
41            android:name="com.gpsaseguro.gpscliente.MainActivity"
41-->src\main\AndroidManifest.xml:18:13-41
42            android:configChanges="orientation|keyboardHidden|keyboard|screenSize|smallestScreenSize|locale|layoutDirection|fontScale|screenLayout|density|uiMode"
42-->src\main\AndroidManifest.xml:21:13-163
43            android:hardwareAccelerated="true"
43-->src\main\AndroidManifest.xml:22:13-47
44            android:launchMode="singleTop"
44-->src\main\AndroidManifest.xml:19:13-43
45            android:theme="@style/LaunchTheme"
45-->src\main\AndroidManifest.xml:20:13-47
46            android:windowSoftInputMode="adjustResize" >
46-->src\main\AndroidManifest.xml:23:13-55
47
48            <!--
49                 Specifies an Android theme to apply to this Activity as soon as
50                 the Android process has started. This theme is visible to the user
51                 while the Flutter UI initializes. After that, this theme continues
52                 to determine the Window background behind the Flutter UI.
53            -->
54            <meta-data
54-->src\main\AndroidManifest.xml:28:13-31:17
55                android:name="io.flutter.embedding.android.NormalTheme"
55-->src\main\AndroidManifest.xml:29:15-70
56                android:resource="@style/NormalTheme" />
56-->src\main\AndroidManifest.xml:30:15-52
57            <!--
58                 Displays an Android View that continues showing the launch screen
59                 Drawable until Flutter paints its first frame, then this splash
60                 screen fades out. A splash screen is useful to avoid any visual
61                 gap between the end of Android's launch screen and the painting of
62                 Flutter's first frame.
63            -->
64            <meta-data
64-->src\main\AndroidManifest.xml:37:13-40:17
65                android:name="io.flutter.embedding.android.SplashScreenDrawable"
65-->src\main\AndroidManifest.xml:38:15-79
66                android:resource="@drawable/launch_background" />
66-->src\main\AndroidManifest.xml:39:15-61
67
68            <intent-filter>
68-->src\main\AndroidManifest.xml:41:13-44:29
69                <action android:name="android.intent.action.MAIN" />
69-->src\main\AndroidManifest.xml:42:17-68
69-->src\main\AndroidManifest.xml:42:25-66
70
71                <category android:name="android.intent.category.LAUNCHER" />
71-->src\main\AndroidManifest.xml:43:17-76
71-->src\main\AndroidManifest.xml:43:27-74
72            </intent-filter>
73        </activity>
74        <!--
75             Don't delete the meta-data below.
76             This is used by the Flutter tool to generate GeneratedPluginRegistrant.java
77        -->
78        <meta-data
78-->src\main\AndroidManifest.xml:48:9-50:33
79            android:name="flutterEmbedding"
79-->src\main\AndroidManifest.xml:49:13-44
80            android:value="2" />
80-->src\main\AndroidManifest.xml:50:13-30
81
82        <service
82-->[:firebase_messaging] AndroidManifest.xml:12:9-15:72
83            android:name="io.flutter.plugins.firebase.messaging.FlutterFirebaseMessagingBackgroundService"
83-->[:firebase_messaging] AndroidManifest.xml:13:13-107
84            android:exported="false"
84-->[:firebase_messaging] AndroidManifest.xml:14:13-37
85            android:permission="android.permission.BIND_JOB_SERVICE" />
85-->[:firebase_messaging] AndroidManifest.xml:15:13-69
86        <service
86-->[:firebase_messaging] AndroidManifest.xml:16:9-22:19
87            android:name="io.flutter.plugins.firebase.messaging.FlutterFirebaseMessagingService"
87-->[:firebase_messaging] AndroidManifest.xml:17:13-97
88            android:exported="false" >
88-->[:firebase_messaging] AndroidManifest.xml:18:13-37
89            <intent-filter>
89-->[:firebase_messaging] AndroidManifest.xml:19:13-21:29
90                <action android:name="com.google.firebase.MESSAGING_EVENT" />
90-->[:firebase_messaging] AndroidManifest.xml:20:17-78
90-->[:firebase_messaging] AndroidManifest.xml:20:25-75
91            </intent-filter>
92        </service>
93
94        <receiver
94-->[:firebase_messaging] AndroidManifest.xml:24:9-31:20
95            android:name="io.flutter.plugins.firebase.messaging.FlutterFirebaseMessagingReceiver"
95-->[:firebase_messaging] AndroidManifest.xml:25:13-98
96            android:exported="true"
96-->[:firebase_messaging] AndroidManifest.xml:26:13-36
97            android:permission="com.google.android.c2dm.permission.SEND" >
97-->[:firebase_messaging] AndroidManifest.xml:27:13-73
98            <intent-filter>
98-->[:firebase_messaging] AndroidManifest.xml:28:13-30:29
99                <action android:name="com.google.android.c2dm.intent.RECEIVE" />
99-->[:firebase_messaging] AndroidManifest.xml:29:17-81
99-->[:firebase_messaging] AndroidManifest.xml:29:25-78
100            </intent-filter>
101        </receiver>
102
103        <service
103-->[:firebase_messaging] AndroidManifest.xml:33:9-37:19
104            android:name="com.google.firebase.components.ComponentDiscoveryService"
104-->[:firebase_messaging] AndroidManifest.xml:33:18-89
105            android:directBootAware="true"
105-->[com.google.firebase:firebase-common:19.5.0] AndroidManifest.xml:35:13-43
106            android:exported="false" >
106-->[com.google.firebase:firebase-messaging:21.0.1] AndroidManifest.xml:38:13-37
107            <meta-data
107-->[:firebase_messaging] AndroidManifest.xml:34:13-36:85
108                android:name="com.google.firebase.components:io.flutter.plugins.firebase.messaging.FlutterFirebaseAppRegistrar"
108-->[:firebase_messaging] AndroidManifest.xml:35:17-128
109                android:value="com.google.firebase.components.ComponentRegistrar" />
109-->[:firebase_messaging] AndroidManifest.xml:36:17-82
110            <meta-data
110-->[:firebase_core] AndroidManifest.xml:9:13-11:85
111                android:name="com.google.firebase.components:io.flutter.plugins.firebase.core.FlutterFirebaseCoreRegistrar"
111-->[:firebase_core] AndroidManifest.xml:10:17-124
112                android:value="com.google.firebase.components.ComponentRegistrar" />
112-->[:firebase_core] AndroidManifest.xml:11:17-82
113            <meta-data
113-->[com.google.firebase:firebase-messaging:21.0.1] AndroidManifest.xml:39:13-41:85
114                android:name="com.google.firebase.components:com.google.firebase.messaging.FirebaseMessagingRegistrar"
114-->[com.google.firebase:firebase-messaging:21.0.1] AndroidManifest.xml:40:17-119
115                android:value="com.google.firebase.components.ComponentRegistrar" />
115-->[com.google.firebase:firebase-messaging:21.0.1] AndroidManifest.xml:41:17-82
116            <meta-data
116-->[com.google.firebase:firebase-iid:21.0.1] AndroidManifest.xml:32:13-34:85
117                android:name="com.google.firebase.components:com.google.firebase.iid.Registrar"
117-->[com.google.firebase:firebase-iid:21.0.1] AndroidManifest.xml:33:17-96
118                android:value="com.google.firebase.components.ComponentRegistrar" />
118-->[com.google.firebase:firebase-iid:21.0.1] AndroidManifest.xml:34:17-82
119            <meta-data
119-->[com.google.android.gms:play-services-measurement-api:18.0.2] AndroidManifest.xml:30:13-32:85
120                android:name="com.google.firebase.components:com.google.firebase.analytics.connector.internal.AnalyticsConnectorRegistrar"
120-->[com.google.android.gms:play-services-measurement-api:18.0.2] AndroidManifest.xml:31:17-139
121                android:value="com.google.firebase.components.ComponentRegistrar" />
121-->[com.google.android.gms:play-services-measurement-api:18.0.2] AndroidManifest.xml:32:17-82
122            <meta-data
122-->[com.google.firebase:firebase-datatransport:17.0.10] AndroidManifest.xml:28:13-30:85
123                android:name="com.google.firebase.components:com.google.firebase.datatransport.TransportRegistrar"
123-->[com.google.firebase:firebase-datatransport:17.0.10] AndroidManifest.xml:29:17-115
124                android:value="com.google.firebase.components.ComponentRegistrar" />
124-->[com.google.firebase:firebase-datatransport:17.0.10] AndroidManifest.xml:30:17-82
125            <meta-data
125-->[com.google.firebase:firebase-installations:16.3.5] AndroidManifest.xml:18:13-20:85
126                android:name="com.google.firebase.components:com.google.firebase.installations.FirebaseInstallationsRegistrar"
126-->[com.google.firebase:firebase-installations:16.3.5] AndroidManifest.xml:19:17-127
127                android:value="com.google.firebase.components.ComponentRegistrar" />
127-->[com.google.firebase:firebase-installations:16.3.5] AndroidManifest.xml:20:17-82
128            <!--
129                This registrar is not defined in the dynamic-module-support sdk itself to allow non-firebase
130                clients to use it as well, by defining this registrar in their own core/common library.
131            -->
132            <meta-data
132-->[com.google.firebase:firebase-common:19.5.0] AndroidManifest.xml:43:13-45:85
133                android:name="com.google.firebase.components:com.google.firebase.dynamicloading.DynamicLoadingRegistrar"
133-->[com.google.firebase:firebase-common:19.5.0] AndroidManifest.xml:44:17-121
134                android:value="com.google.firebase.components.ComponentRegistrar" />
134-->[com.google.firebase:firebase-common:19.5.0] AndroidManifest.xml:45:17-82
135        </service>
136
137        <provider
137-->[:firebase_messaging] AndroidManifest.xml:39:9-43:38
138            android:name="io.flutter.plugins.firebase.messaging.FlutterFirebaseMessagingInitProvider"
138-->[:firebase_messaging] AndroidManifest.xml:40:13-102
139            android:authorities="com.gpsaseguro.gpscliente.flutterfirebasemessaginginitprovider"
139-->[:firebase_messaging] AndroidManifest.xml:41:13-88
140            android:exported="false"
140-->[:firebase_messaging] AndroidManifest.xml:42:13-37
141            android:initOrder="99" />
141-->[:firebase_messaging] AndroidManifest.xml:43:13-35
142
143        <activity
143-->[:url_launcher] AndroidManifest.xml:8:9-11:74
144            android:name="io.flutter.plugins.urllauncher.WebViewActivity"
144-->[:url_launcher] AndroidManifest.xml:9:13-74
145            android:exported="false"
145-->[:url_launcher] AndroidManifest.xml:10:13-37
146            android:theme="@android:style/Theme.NoTitleBar.Fullscreen" />
146-->[:url_launcher] AndroidManifest.xml:11:13-71
147
148        <receiver android:name="com.dexterous.flutterlocalnotifications.ScheduledNotificationReceiver" />
148-->[:flutter_local_notifications] AndroidManifest.xml:12:9-106
148-->[:flutter_local_notifications] AndroidManifest.xml:12:19-103
149        <receiver android:name="com.dexterous.flutterlocalnotifications.ScheduledNotificationBootReceiver" >
149-->[:flutter_local_notifications] AndroidManifest.xml:13:9-20:20
149-->[:flutter_local_notifications] AndroidManifest.xml:13:19-107
150            <intent-filter>
150-->[:flutter_local_notifications] AndroidManifest.xml:14:13-19:29
151                <action android:name="android.intent.action.BOOT_COMPLETED" />
151-->[:flutter_local_notifications] AndroidManifest.xml:15:17-79
151-->[:flutter_local_notifications] AndroidManifest.xml:15:25-76
152                <action android:name="android.intent.action.MY_PACKAGE_REPLACED" />
152-->[:flutter_local_notifications] AndroidManifest.xml:16:17-84
152-->[:flutter_local_notifications] AndroidManifest.xml:16:25-81
153                <action android:name="android.intent.action.QUICKBOOT_POWERON" />
153-->[:flutter_local_notifications] AndroidManifest.xml:17:17-82
153-->[:flutter_local_notifications] AndroidManifest.xml:17:25-79
154                <action android:name="com.htc.intent.action.QUICKBOOT_POWERON" />
154-->[:flutter_local_notifications] AndroidManifest.xml:18:17-82
154-->[:flutter_local_notifications] AndroidManifest.xml:18:25-79
155            </intent-filter>
156        </receiver>
157        <!--
158             FirebaseMessagingService performs security checks at runtime,
159             but set to not exported to explicitly avoid allowing another app to call it.
160        -->
161        <service
161-->[com.google.firebase:firebase-messaging:21.0.1] AndroidManifest.xml:28:9-35:19
162            android:name="com.google.firebase.messaging.FirebaseMessagingService"
162-->[com.google.firebase:firebase-messaging:21.0.1] AndroidManifest.xml:29:13-82
163            android:directBootAware="true"
163-->[com.google.firebase:firebase-messaging:21.0.1] AndroidManifest.xml:30:13-43
164            android:exported="false" >
164-->[com.google.firebase:firebase-messaging:21.0.1] AndroidManifest.xml:31:13-37
165            <intent-filter android:priority="-500" >
165-->[:firebase_messaging] AndroidManifest.xml:19:13-21:29
166                <action android:name="com.google.firebase.MESSAGING_EVENT" />
166-->[:firebase_messaging] AndroidManifest.xml:20:17-78
166-->[:firebase_messaging] AndroidManifest.xml:20:25-75
167            </intent-filter>
168        </service>
169
170        <receiver
170-->[com.google.android.gms:play-services-measurement:18.0.2] AndroidManifest.xml:29:9-33:20
171            android:name="com.google.android.gms.measurement.AppMeasurementReceiver"
171-->[com.google.android.gms:play-services-measurement:18.0.2] AndroidManifest.xml:30:13-85
172            android:enabled="true"
172-->[com.google.android.gms:play-services-measurement:18.0.2] AndroidManifest.xml:31:13-35
173            android:exported="false" >
173-->[com.google.android.gms:play-services-measurement:18.0.2] AndroidManifest.xml:32:13-37
174        </receiver>
175
176        <service
176-->[com.google.android.gms:play-services-measurement:18.0.2] AndroidManifest.xml:35:9-38:40
177            android:name="com.google.android.gms.measurement.AppMeasurementService"
177-->[com.google.android.gms:play-services-measurement:18.0.2] AndroidManifest.xml:36:13-84
178            android:enabled="true"
178-->[com.google.android.gms:play-services-measurement:18.0.2] AndroidManifest.xml:37:13-35
179            android:exported="false" />
179-->[com.google.android.gms:play-services-measurement:18.0.2] AndroidManifest.xml:38:13-37
180        <service
180-->[com.google.android.gms:play-services-measurement:18.0.2] AndroidManifest.xml:39:9-43:72
181            android:name="com.google.android.gms.measurement.AppMeasurementJobService"
181-->[com.google.android.gms:play-services-measurement:18.0.2] AndroidManifest.xml:40:13-87
182            android:enabled="true"
182-->[com.google.android.gms:play-services-measurement:18.0.2] AndroidManifest.xml:41:13-35
183            android:exported="false"
183-->[com.google.android.gms:play-services-measurement:18.0.2] AndroidManifest.xml:42:13-37
184            android:permission="android.permission.BIND_JOB_SERVICE" />
184-->[com.google.android.gms:play-services-measurement:18.0.2] AndroidManifest.xml:43:13-69
185
186        <receiver
186-->[com.google.firebase:firebase-iid:21.0.1] AndroidManifest.xml:37:9-44:20
187            android:name="com.google.firebase.iid.FirebaseInstanceIdReceiver"
187-->[com.google.firebase:firebase-iid:21.0.1] AndroidManifest.xml:38:13-78
188            android:exported="true"
188-->[com.google.firebase:firebase-iid:21.0.1] AndroidManifest.xml:39:13-36
189            android:permission="com.google.android.c2dm.permission.SEND" >
189-->[com.google.firebase:firebase-iid:21.0.1] AndroidManifest.xml:40:13-73
190            <intent-filter>
190-->[:firebase_messaging] AndroidManifest.xml:28:13-30:29
191                <action android:name="com.google.android.c2dm.intent.RECEIVE" />
191-->[:firebase_messaging] AndroidManifest.xml:29:17-81
191-->[:firebase_messaging] AndroidManifest.xml:29:25-78
192            </intent-filter>
193        </receiver> <!-- Needs to be explicitly declared on P+ -->
194        <uses-library
194-->[com.google.android.gms:play-services-maps:17.0.0] AndroidManifest.xml:33:9-35:40
195            android:name="org.apache.http.legacy"
195-->[com.google.android.gms:play-services-maps:17.0.0] AndroidManifest.xml:34:13-50
196            android:required="false" />
196-->[com.google.android.gms:play-services-maps:17.0.0] AndroidManifest.xml:35:13-37
197
198        <activity
198-->[com.google.android.gms:play-services-base:17.0.0] AndroidManifest.xml:23:9-26:75
199            android:name="com.google.android.gms.common.api.GoogleApiActivity"
199-->[com.google.android.gms:play-services-base:17.0.0] AndroidManifest.xml:24:13-79
200            android:exported="false"
200-->[com.google.android.gms:play-services-base:17.0.0] AndroidManifest.xml:25:13-37
201            android:theme="@android:style/Theme.Translucent.NoTitleBar" />
201-->[com.google.android.gms:play-services-base:17.0.0] AndroidManifest.xml:26:13-72
202
203        <provider
203-->[com.google.firebase:firebase-common:19.5.0] AndroidManifest.xml:26:9-31:39
204            android:name="com.google.firebase.provider.FirebaseInitProvider"
204-->[com.google.firebase:firebase-common:19.5.0] AndroidManifest.xml:27:13-77
205            android:authorities="com.gpsaseguro.gpscliente.firebaseinitprovider"
205-->[com.google.firebase:firebase-common:19.5.0] AndroidManifest.xml:28:13-72
206            android:directBootAware="true"
206-->[com.google.firebase:firebase-common:19.5.0] AndroidManifest.xml:29:13-43
207            android:exported="false"
207-->[com.google.firebase:firebase-common:19.5.0] AndroidManifest.xml:30:13-37
208            android:initOrder="100" />
208-->[com.google.firebase:firebase-common:19.5.0] AndroidManifest.xml:31:13-36
209
210        <meta-data
210-->[com.google.android.gms:play-services-basement:17.0.0] AndroidManifest.xml:23:9-25:69
211            android:name="com.google.android.gms.version"
211-->[com.google.android.gms:play-services-basement:17.0.0] AndroidManifest.xml:24:13-58
212            android:value="@integer/google_play_services_version" />
212-->[com.google.android.gms:play-services-basement:17.0.0] AndroidManifest.xml:25:13-66
213
214        <service
214-->[com.google.android.datatransport:transport-backend-cct:2.3.3] AndroidManifest.xml:29:9-35:19
215            android:name="com.google.android.datatransport.runtime.backends.TransportBackendDiscovery"
215-->[com.google.android.datatransport:transport-backend-cct:2.3.3] AndroidManifest.xml:30:13-103
216            android:exported="false" >
216-->[com.google.android.datatransport:transport-backend-cct:2.3.3] AndroidManifest.xml:31:13-37
217            <meta-data
217-->[com.google.android.datatransport:transport-backend-cct:2.3.3] AndroidManifest.xml:32:13-34:39
218                android:name="backend:com.google.android.datatransport.cct.CctBackendFactory"
218-->[com.google.android.datatransport:transport-backend-cct:2.3.3] AndroidManifest.xml:33:17-94
219                android:value="cct" />
219-->[com.google.android.datatransport:transport-backend-cct:2.3.3] AndroidManifest.xml:34:17-36
220        </service>
221        <service
221-->[com.google.android.datatransport:transport-runtime:2.2.5] AndroidManifest.xml:26:9-30:19
222            android:name="com.google.android.datatransport.runtime.scheduling.jobscheduling.JobInfoSchedulerService"
222-->[com.google.android.datatransport:transport-runtime:2.2.5] AndroidManifest.xml:27:13-117
223            android:exported="false"
223-->[com.google.android.datatransport:transport-runtime:2.2.5] AndroidManifest.xml:28:13-37
224            android:permission="android.permission.BIND_JOB_SERVICE" >
224-->[com.google.android.datatransport:transport-runtime:2.2.5] AndroidManifest.xml:29:13-69
225        </service>
226
227        <receiver
227-->[com.google.android.datatransport:transport-runtime:2.2.5] AndroidManifest.xml:32:9-34:40
228            android:name="com.google.android.datatransport.runtime.scheduling.jobscheduling.AlarmManagerSchedulerBroadcastReceiver"
228-->[com.google.android.datatransport:transport-runtime:2.2.5] AndroidManifest.xml:33:13-132
229            android:exported="false" />
229-->[com.google.android.datatransport:transport-runtime:2.2.5] AndroidManifest.xml:34:13-37
230    </application>
231
232</manifest>